<?xml version="1.0" encoding="UTF-8"?>
<testsuite name="co.kr.mvisample.core.ExampleUnitTest" tests="1" skipped="0" failures="0" errors="0" timestamp="2025-05-24T15:15:19" hostname="gongdomin-ui-MacBookPro.local" time="0.001">
  <properties/>
  <testcase name="addition_isCorrect" classname="co.kr.mvisample.core.ExampleUnitTest" time="0.001"/>
  <system-out><![CDATA[]]></system-out>
  <system-err><![CDATA[]]></system-err>
</testsuite>
